<?xml version="1.0" encoding="UTF-8"?>
<testng-results ignored="0" total="1" passed="1" failed="0" skipped="0">
  <reporter-output>
  </reporter-output>
  <suite started-at="2022-10-01T14:24:57 IDT" name="Suite" finished-at="2022-10-01T14:25:00 IDT" duration-ms="3111">
    <groups>
    </groups>
    <test started-at="2022-10-01T14:24:57 IDT" name="Test" finished-at="2022-10-01T14:25:00 IDT" duration-ms="3111">
      <class name="ParameterJenkinsTest">
        <test-method signature="test()[pri:0, instance:ParameterJenkinsTest@14bee915]" started-at="2022-10-01T14:24:57 IDT" name="test" finished-at="2022-10-01T14:25:00 IDT" duration-ms="2989" status="PASS">
          <reporter-output>
          </reporter-output>
        </test-method> <!-- test -->
      </class> <!-- ParameterJenkinsTest -->
    </test> <!-- Test -->
  </suite> <!-- Suite -->
</testng-results>
